Launching a python run
Sun Sep 28 12:59:36 PM UTC 2025
Active conda env: /nfs/nhome/live/jheald/miniconda3/envs/jax_dt_py312
/nfs/nhome/live/jheald/miniconda3/envs/jax_dt_py312/bin/python3
/nfs/nhome/live/jheald/miniconda3/envs/jax_dt_py312/bin/pip
2025-09-28 12:59:46.553555: I external/xla/xla/pjrt/pjrt_api.cc:115] GetPjrtApi was found for cuda at /nfs/nhome/live/jheald/miniconda3/envs/jax_dt_py312/lib/python3.12/site-packages/jax_plugins/xla_cuda12/xla_cuda_plugin.so
2025-09-28 12:59:46.553614: I external/xla/xla/pjrt/pjrt_api.cc:93] PJRT_Api is set for device type cuda
2025-09-28 12:59:46.556347: I external/xla/xla/pjrt/pjrt_api.cc:161] The PJRT plugin has PJRT API version 0.70. The framework PJRT API version is 0.70.
2025-09-28 12:59:46.761754: I external/xla/xla/service/service.cc:153] XLA service 0x6494099c0ac0 initialized for platform CUDA (this does not guarantee that XLA will be used). Devices:
2025-09-28 12:59:46.761768: I external/xla/xla/service/service.cc:161]   StreamExecutor device (0): NVIDIA A100-SXM4-40GB, Compute Capability 8.0
2025-09-28 12:59:46.771105: I external/xla/xla/pjrt/pjrt_c_api_client.cc:130] PjRtCApiClient created.
[CudaDevice(id=0)]
/nfs/nhome/live/jheald/jax_dt/train_dt.py:48: UserWarning: 
The version_base parameter is not specified.
Please specify a compatability version level, or None.
Will assume defaults for version 1.1
  @hydra.main(config_path=cfg_path, config_name="config.yaml")
/nfs/nhome/live/jheald/miniconda3/envs/jax_dt_py312/lib/python3.12/site-packages/hydra/_internal/hydra.py:119: UserWarning: Future Hydra versions will no longer change working directory at job runtime by default.
See https://hydra.cc/docs/1.2/upgrades/1.1_to_1.2/changes_to_job_working_dir/ for more information.
  ret = run_job(
Device count: 1, process count: 1 (id 0), local device count: 1, devices to be used count: 1
[2025-09-28 12:59:49,388][OpenGL.acceleratesupport][INFO] - No OpenGL_accelerate module loaded: No module named 'OpenGL_accelerate'
wandb: Currently logged in as: james-heald (james-gatsby) to https://api.wandb.ai. Use `wandb login --relogin` to force relogin
wandb: Tracking run with wandb version 0.20.1
wandb: Run data is saved locally in /nfs/nhome/live/jheald/jax_dt/outputs/2025-09-28/12-59-47/wandb/run-20250928_130031-xqv4bqv1
wandb: Run `wandb offline` to turn off syncing.
wandb: Syncing run relocate-expert-v1-985440
wandb: ⭐️ View project at https://wandb.ai/james-gatsby/jax_dt
wandb: 🚀 View run at https://wandb.ai/james-gatsby/jax_dt/runs/xqv4bqv1
2025-09-28 13:00:43.945323: W external/xla/xla/service/gpu/autotuning/dot_search_space.cc:200] All configs were filtered out because none of them sufficiently match the hints. Maybe the hints set does not contain a good representative set of valid configs?Working around this by using the full hints set instead.
2025-09-28 13:00:45.768241: I external/xla/xla/stream_executor/cuda/subprocess_compilation.cc:346] ptxas warning : Registers are spilled to local memory in function 'gemm_fusion_dot', 16 bytes spill stores, 16 bytes spill loads

2025-09-28 13:00:48.486900: I external/xla/xla/stream_executor/cuda/subprocess_compilation.cc:346] ptxas warning : Registers are spilled to local memory in function 'gemm_fusion_dot', 324 bytes spill stores, 324 bytes spill loads

num_vae_param: 547754
2025-09-28 13:00:54.027939: W external/xla/xla/service/gpu/autotuning/dot_search_space.cc:200] All configs were filtered out because none of them sufficiently match the hints. Maybe the hints set does not contain a good representative set of valid configs?Working around this by using the full hints set instead.
2025-09-28 13:00:54.028124: W external/xla/xla/service/gpu/autotuning/dot_search_space.cc:200] All configs were filtered out because none of them sufficiently match the hints. Maybe the hints set does not contain a good representative set of valid configs?Working around this by using the full hints set instead.
2025-09-28 13:00:54.028181: W external/xla/xla/service/gpu/autotuning/dot_search_space.cc:200] All configs were filtered out because none of them sufficiently match the hints. Maybe the hints set does not contain a good representative set of valid configs?Working around this by using the full hints set instead.
2025-09-28 13:00:54.028409: W external/xla/xla/service/gpu/autotuning/dot_search_space.cc:200] All configs were filtered out because none of them sufficiently match the hints. Maybe the hints set does not contain a good representative set of valid configs?Working around this by using the full hints set instead.
2025-09-28 13:00:54.028454: W external/xla/xla/service/gpu/autotuning/dot_search_space.cc:200] All configs were filtered out because none of them sufficiently match the hints. Maybe the hints set does not contain a good representative set of valid configs?Working around this by using the full hints set instead.
2025-09-28 13:00:55.377218: I external/xla/xla/stream_executor/cuda/subprocess_compilation.cc:346] ptxas warning : Registers are spilled to local memory in function 'gemm_fusion_dot_144', 320 bytes spill stores, 220 bytes spill loads

2025-09-28 13:00:58.052826: I external/xla/xla/stream_executor/cuda/subprocess_compilation.cc:346] ptxas warning : Registers are spilled to local memory in function 'gemm_fusion_dot_144', 388 bytes spill stores, 384 bytes spill loads

2025-09-28 13:00:59.297492: I external/xla/xla/stream_executor/cuda/subprocess_compilation.cc:346] ptxas warning : Registers are spilled to local memory in function 'gemm_fusion_dot_144', 820 bytes spill stores, 564 bytes spill loads

2025-09-28 13:01:00.732371: I external/xla/xla/stream_executor/cuda/subprocess_compilation.cc:346] ptxas warning : Registers are spilled to local memory in function 'gemm_fusion_dot_144', 1736 bytes spill stores, 1312 bytes spill loads

2025-09-28 13:01:01.966094: I external/xla/xla/stream_executor/cuda/subprocess_compilation.cc:346] ptxas warning : Registers are spilled to local memory in function 'gemm_fusion_dot_15', 4 bytes spill stores, 4 bytes spill loads

2025-09-28 13:01:08.531173: I external/xla/xla/stream_executor/cuda/subprocess_compilation.cc:346] ptxas warning : Registers are spilled to local memory in function 'gemm_fusion_dot_197', 540 bytes spill stores, 540 bytes spill loads

2025-09-28 13:01:09.431097: I external/xla/xla/stream_executor/cuda/subprocess_compilation.cc:346] ptxas warning : Registers are spilled to local memory in function 'gemm_fusion_dot_197', 196 bytes spill stores, 200 bytes spill loads

2025-09-28 13:01:10.748301: I external/xla/xla/stream_executor/cuda/subprocess_compilation.cc:346] ptxas warning : Registers are spilled to local memory in function 'gemm_fusion_dot_191', 8 bytes spill stores, 8 bytes spill loads

2025-09-28 13:01:13.200259: I external/xla/xla/stream_executor/cuda/subprocess_compilation.cc:346] ptxas warning : Registers are spilled to local memory in function 'gemm_fusion_dot_191', 108 bytes spill stores, 108 bytes spill loads

2025-09-28 13:01:13.437675: I external/xla/xla/stream_executor/cuda/subprocess_compilation.cc:346] ptxas warning : Registers are spilled to local memory in function 'gemm_fusion_dot_191', 200 bytes spill stores, 200 bytes spill loads

2025-09-28 13:01:14.157768: I external/xla/xla/stream_executor/cuda/subprocess_compilation.cc:346] ptxas warning : Registers are spilled to local memory in function 'gemm_fusion_dot_191', 292 bytes spill stores, 292 bytes spill loads

============================================================
time elapsed: 0:01:38
train iter: 0
num of updates: 100
vae loss: 2.19801
kl loss: 0.11153
a decoder loss: 2.08648
y decoder loss: 0.00000
mean weights: 0.00000
mean disagreement losses: 0.00000

saving current model at: /nfs/nhome/live/jheald/jax_dt/model_outputs/2025-09-28/xqv4bqv1/vae_model_100.pt
2025-09-28 13:01:28.858454: W external/xla/xla/service/gpu/autotuning/dot_search_space.cc:200] All configs were filtered out because none of them sufficiently match the hints. Maybe the hints set does not contain a good representative set of valid configs?Working around this by using the full hints set instead.
2025-09-28 13:01:30.711241: I external/xla/xla/stream_executor/cuda/subprocess_compilation.cc:346] ptxas warning : Registers are spilled to local memory in function 'gemm_fusion_dot_6', 16 bytes spill stores, 16 bytes spill loads

2025-09-28 13:01:31.828675: I external/xla/xla/stream_executor/cuda/subprocess_compilation.cc:346] ptxas warning : Registers are spilled to local memory in function 'gemm_fusion_dot_6', 324 bytes spill stores, 324 bytes spill loads

/nfs/nhome/live/jheald/miniconda3/envs/jax_dt_py312/lib/python3.12/subprocess.py:1885: RuntimeWarning: os.fork() was called. os.fork() is incompatible with multithreaded code, and JAX is multithreaded, so this will likely lead to a deadlock.
  self.pid = _fork_exec(
Error executing job with overrides: ['state_dep_prior=True', 'learn_dynamics_std=False', 'autonomous=False', 'gamma=0.95', 'n_dynamics_ensembles=10']
Traceback (most recent call last):
  File "/nfs/nhome/live/jheald/jax_dt/train_dt.py", line 1145, in train
    eval_dynamics(vae_training_state.key, _vae_params, dynamics_model.apply, _dynamics_params, total_updates)
  File "/nfs/nhome/live/jheald/jax_dt/train_dt.py", line 428, in eval_dynamics
    predicted_obs_traj = get_predicted_obs(obs, key, actions[None], dynamics_params)
                         ^^^^^^^^^^^^^^^^^^^^^^^^^^^^^^^^^^^^^^^^^^^^^^^^^^^^^^^^^^^
  File "/nfs/nhome/live/jheald/jax_dt/train_dt.py", line 409, in get_predicted_obs
    _, predicted_obs_traj, _, _ = batch_peform_rollout(target_agnostic_obs[None], dynamics_keys, actions, dynamics_params)
                                  ^^^^^^^^^^^^^^^^^^^^^^^^^^^^^^^^^^^^^^^^^^^^^^^^^^^^^^^^^^^^^^^^^^^^^^^^^^^^^^^^^^^^^^^^
  File "/nfs/nhome/live/jheald/jax_dt/train_dt.py", line 394, in peform_rollout
    _, (s_curr, s_next_mean, s_dist_params, disagreement) = jax.lax.scan(step_fn, carry, actions)
                                                            ^^^^^^^^^^^^^^^^^^^^^^^^^^^^^^^^^^^^^
  File "/nfs/nhome/live/jheald/jax_dt/train_dt.py", line 365, in step_fn
    s_dist_params = jax.vmap(dynamics_apply, in_axes=(0,None,None,0))(dynamics_params, state, action, dropout_keys)
                    ^^^^^^^^^^^^^^^^^^^^^^^^^^^^^^^^^^^^^^^^^^^^^^^^^^^^^^^^^^^^^^^^^^^^^^^^^^^^^^^^^^^^^^^^^^^^^^^
ValueError: vmap got inconsistent sizes for array axes to be mapped:
  * most axes (10 of them) had size 5, e.g. axis 0 of argument variables['params']['dynamics_0']['layers_0']['bias'] of type float32[5,256];
  * one axis had size 10: axis 0 of argument method of type uint32[10,2]
--------------------
For simplicity, JAX has removed its internal frames from the traceback of the following exception. Set JAX_TRACEBACK_FILTERING=off to include these.

Set the environment variable HYDRA_FULL_ERROR=1 for a complete stack trace.
[1;34mwandb[0m: 
[1;34mwandb[0m: 🚀 View run [33mrelocate-expert-v1-985440[0m at: [34mhttps://wandb.ai/james-gatsby/jax_dt/runs/xqv4bqv1[0m
[1;34mwandb[0m: Find logs at: [1;35mwandb/run-20250928_130031-xqv4bqv1/logs[0m
Exception ignored in: <function OffScreenViewer.__del__ at 0x756f4dbc47c0>
Traceback (most recent call last):
  File "/nfs/nhome/live/jheald/miniconda3/envs/jax_dt_py312/lib/python3.12/site-packages/gymnasium/envs/mujoco/mujoco_rendering.py", line 204, in __del__
    self.free()
  File "/nfs/nhome/live/jheald/miniconda3/envs/jax_dt_py312/lib/python3.12/site-packages/gymnasium/envs/mujoco/mujoco_rendering.py", line 201, in free
    self.opengl_context.free()
  File "/nfs/nhome/live/jheald/miniconda3/envs/jax_dt_py312/lib/python3.12/site-packages/mujoco/egl/__init__.py", line 131, in free
    EGL.eglMakeCurrent(EGL_DISPLAY, EGL.EGL_NO_SURFACE,
  File "/nfs/nhome/live/jheald/miniconda3/envs/jax_dt_py312/lib/python3.12/site-packages/OpenGL/error.py", line 230, in glCheckError
    raise self._errorClass(
OpenGL.raw.EGL._errors.EGLError: EGLError(
	err = EGL_NOT_INITIALIZED,
	baseOperation = eglMakeCurrent,
	cArguments = (
		<OpenGL._opaque.EGLDisplay_pointer object at 0x756f05542150>,
		<OpenGL._opaque.EGLSurface_pointer object at 0x756f7158a5d0>,
		<OpenGL._opaque.EGLSurface_pointer object at 0x756f7158a5d0>,
		<OpenGL._opaque.EGLContext_pointer object at 0x756f7158a350>,
	),
	result = 0
)
Exception ignored in: <function GLContext.__del__ at 0x756f715fce00>
Traceback (most recent call last):
  File "/nfs/nhome/live/jheald/miniconda3/envs/jax_dt_py312/lib/python3.12/site-packages/mujoco/egl/__init__.py", line 138, in __del__
    self.free()
  File "/nfs/nhome/live/jheald/miniconda3/envs/jax_dt_py312/lib/python3.12/site-packages/mujoco/egl/__init__.py", line 131, in free
    EGL.eglMakeCurrent(EGL_DISPLAY, EGL.EGL_NO_SURFACE,
  File "/nfs/nhome/live/jheald/miniconda3/envs/jax_dt_py312/lib/python3.12/site-packages/OpenGL/error.py", line 230, in glCheckError
    raise self._errorClass(
OpenGL.raw.EGL._errors.EGLError: EGLError(
	err = EGL_NOT_INITIALIZED,
	baseOperation = eglMakeCurrent,
	cArguments = (
		<OpenGL._opaque.EGLDisplay_pointer object at 0x756f05542150>,
		<OpenGL._opaque.EGLSurface_pointer object at 0x756f7158a5d0>,
		<OpenGL._opaque.EGLSurface_pointer object at 0x756f7158a5d0>,
		<OpenGL._opaque.EGLContext_pointer object at 0x756f7158a350>,
	),
	result = 0
)
